sysbench 1.0.20 (using system LuaJIT 2.1.1725453128)

Running the test with following options:
Number of threads: 8
Report intermediate results every 4 second(s)
Initializing random number generator from current time


Initializing worker threads...

Threads started!

[ 4s ] thds: 8 tps: 21184.03 qps: 63553.58 (r/w/o: 63553.58/0.00/0.00) lat (ms,95%): 0.00 err/s: 0.00 reconn/s: 0.00
[ 8s ] thds: 8 tps: 21438.28 qps: 64315.84 (r/w/o: 64315.84/0.00/0.00) lat (ms,95%): 0.00 err/s: 0.00 reconn/s: 0.00
[ 12s ] thds: 8 tps: 21353.05 qps: 64058.89 (r/w/o: 64058.89/0.00/0.00) lat (ms,95%): 0.00 err/s: 0.00 reconn/s: 0.00
[ 16s ] thds: 8 tps: 21262.71 qps: 63787.39 (r/w/o: 63787.39/0.00/0.00) lat (ms,95%): 0.00 err/s: 0.00 reconn/s: 0.00
[ 20s ] thds: 8 tps: 21545.14 qps: 64635.91 (r/w/o: 64635.91/0.00/0.00) lat (ms,95%): 0.00 err/s: 0.00 reconn/s: 0.00
[ 24s ] thds: 8 tps: 21546.00 qps: 64638.49 (r/w/o: 64638.49/0.00/0.00) lat (ms,95%): 0.00 err/s: 0.00 reconn/s: 0.00
[ 28s ] thds: 8 tps: 21569.41 qps: 64708.24 (r/w/o: 64708.24/0.00/0.00) lat (ms,95%): 0.00 err/s: 0.00 reconn/s: 0.00
SQL statistics:
    queries performed:
        read:                            2057901
        write:                           0
        other:                           0
        total:                           2057901
    transactions:                        685967 (21435.13 per sec.)
    queries:                             2057901 (64305.40 per sec.)
    ignored errors:                      0      (0.00 per sec.)
    reconnects:                          0      (0.00 per sec.)

General statistics:
    total time:                          32.0018s
    total number of events:              685967

Latency (ms):
         min:                                    0.23
         avg:                                    0.37
         max:                                   30.94
         95th percentile:                        0.00
         sum:                               255835.54

Threads fairness:
    events (avg/stddev):           85745.8750/65.55
    execution time (avg/stddev):   31.9794/0.00

