sysbench 1.0.20 (using system LuaJIT 2.1.1725453128)

Running the test with following options:
Number of threads: 8
Report intermediate results every 4 second(s)
Initializing random number generator from current time


Initializing worker threads...

Threads started!

[ 4s ] thds: 8 tps: 18146.46 qps: 54440.62 (r/w/o: 54440.62/0.00/0.00) lat (ms,95%): 0.00 err/s: 0.00 reconn/s: 0.00
[ 8s ] thds: 8 tps: 18395.94 qps: 55188.57 (r/w/o: 55188.57/0.00/0.00) lat (ms,95%): 0.00 err/s: 0.00 reconn/s: 0.00
[ 12s ] thds: 8 tps: 17857.38 qps: 53572.13 (r/w/o: 53572.13/0.00/0.00) lat (ms,95%): 0.00 err/s: 0.00 reconn/s: 0.00
[ 16s ] thds: 8 tps: 18394.75 qps: 55184.24 (r/w/o: 55184.24/0.00/0.00) lat (ms,95%): 0.00 err/s: 0.00 reconn/s: 0.00
[ 20s ] thds: 8 tps: 18039.71 qps: 54117.88 (r/w/o: 54117.88/0.00/0.00) lat (ms,95%): 0.00 err/s: 0.00 reconn/s: 0.00
[ 24s ] thds: 8 tps: 18273.65 qps: 54822.44 (r/w/o: 54822.44/0.00/0.00) lat (ms,95%): 0.00 err/s: 0.00 reconn/s: 0.00
[ 28s ] thds: 8 tps: 18183.23 qps: 54549.70 (r/w/o: 54549.70/0.00/0.00) lat (ms,95%): 0.00 err/s: 0.00 reconn/s: 0.00
SQL statistics:
    queries performed:
        read:                            1746888
        write:                           0
        other:                           0
        total:                           1746888
    transactions:                        582296 (18195.54 per sec.)
    queries:                             1746888 (54586.62 per sec.)
    ignored errors:                      0      (0.00 per sec.)
    reconnects:                          0      (0.00 per sec.)

General statistics:
    total time:                          32.0020s
    total number of events:              582296

Latency (ms):
         min:                                    0.26
         avg:                                    0.44
         max:                                   30.06
         95th percentile:                        0.00
         sum:                               255858.97

Threads fairness:
    events (avg/stddev):           72787.0000/42.80
    execution time (avg/stddev):   31.9824/0.00

