sysbench 1.0.20 (using system LuaJIT 2.1.1725453128)

Running the test with following options:
Number of threads: 8
Report intermediate results every 4 second(s)
Initializing random number generator from current time


Initializing worker threads...

Threads started!

[ 4s ] thds: 8 tps: 0.00 qps: 33539.05 (r/w/o: 0.00/4214.29/29324.76) lat (ms,95%): 0.00 err/s: 3.25 reconn/s: 0.00
[ 8s ] thds: 8 tps: 0.00 qps: 34623.38 (r/w/o: 0.00/4327.89/30295.49) lat (ms,95%): 0.00 err/s: 0.00 reconn/s: 0.00
[ 12s ] thds: 8 tps: 2.00 qps: 31846.01 (r/w/o: 0.00/3982.25/27863.76) lat (ms,95%): 0.00 err/s: 1.75 reconn/s: 0.00
[ 16s ] thds: 8 tps: 0.00 qps: 32620.70 (r/w/o: 0.00/4094.50/28526.20) lat (ms,95%): 0.00 err/s: 2.75 reconn/s: 0.00
[ 20s ] thds: 8 tps: 0.00 qps: 33922.22 (r/w/o: 0.00/4240.28/29681.94) lat (ms,95%): 0.00 err/s: 0.00 reconn/s: 0.00
[ 24s ] thds: 8 tps: 2.00 qps: 33484.62 (r/w/o: 0.00/4185.33/29299.30) lat (ms,95%): 0.00 err/s: 0.00 reconn/s: 0.00
[ 28s ] thds: 8 tps: 0.00 qps: 31032.92 (r/w/o: 0.00/3895.49/27137.43) lat (ms,95%): 0.00 err/s: 4.00 reconn/s: 0.00
[ 32s ] thds: 8 tps: 0.00 qps: 34762.06 (r/w/o: 0.00/4345.26/30416.81) lat (ms,95%): 0.00 err/s: 0.00 reconn/s: 0.00
SQL statistics:
    queries performed:
        read:                            0
        write:                           150254
        other:                           1049972
        total:                           1200226
    transactions:                        24     (0.67 per sec.)
    queries:                             1200226 (33392.01 per sec.)
    ignored errors:                      47     (1.31 per sec.)
    reconnects:                          0      (0.00 per sec.)

General statistics:
    total time:                          35.9433s
    total number of events:              24

Latency (ms):
         min:                                11671.30
         avg:                                11980.51
         max:                                12208.38
         95th percentile:                        0.00
         sum:                               287532.33

Threads fairness:
    events (avg/stddev):           3.0000/0.00
    execution time (avg/stddev):   35.9415/0.00

