sysbench 1.0.20 (using system LuaJIT 2.1.1725453128)

Running the test with following options:
Number of threads: 8
Report intermediate results every 4 second(s)
Initializing random number generator from current time


Initializing worker threads...

Threads started!

[ 4s ] thds: 8 tps: 128.32 qps: 387.46 (r/w/o: 387.46/0.00/0.00) lat (ms,95%): 0.00 err/s: 0.00 reconn/s: 0.00
[ 8s ] thds: 8 tps: 131.38 qps: 393.39 (r/w/o: 393.39/0.00/0.00) lat (ms,95%): 0.00 err/s: 0.00 reconn/s: 0.00
[ 12s ] thds: 8 tps: 130.88 qps: 392.65 (r/w/o: 392.65/0.00/0.00) lat (ms,95%): 0.00 err/s: 0.00 reconn/s: 0.00
[ 16s ] thds: 8 tps: 131.09 qps: 393.52 (r/w/o: 393.52/0.00/0.00) lat (ms,95%): 0.00 err/s: 0.00 reconn/s: 0.00
[ 20s ] thds: 8 tps: 130.95 qps: 392.34 (r/w/o: 392.34/0.00/0.00) lat (ms,95%): 0.00 err/s: 0.00 reconn/s: 0.00
[ 24s ] thds: 8 tps: 130.22 qps: 391.90 (r/w/o: 391.90/0.00/0.00) lat (ms,95%): 0.00 err/s: 0.00 reconn/s: 0.00
[ 28s ] thds: 8 tps: 131.24 qps: 392.73 (r/w/o: 392.73/0.00/0.00) lat (ms,95%): 0.00 err/s: 0.00 reconn/s: 0.00
[ 32s ] thds: 8 tps: 129.51 qps: 388.77 (r/w/o: 388.77/0.00/0.00) lat (ms,95%): 0.00 err/s: 0.00 reconn/s: 0.00
SQL statistics:
    queries performed:
        read:                            12549
        write:                           0
        other:                           0
        total:                           12549
    transactions:                        4183   (130.50 per sec.)
    queries:                             12549  (391.49 per sec.)
    ignored errors:                      0      (0.00 per sec.)
    reconnects:                          0      (0.00 per sec.)

General statistics:
    total time:                          32.0539s
    total number of events:              4183

Latency (ms):
         min:                                   45.45
         avg:                                   61.27
         max:                                  148.93
         95th percentile:                        0.00
         sum:                               256281.62

Threads fairness:
    events (avg/stddev):           522.8750/10.74
    execution time (avg/stddev):   32.0352/0.01

