sysbench 1.0.20 (using system LuaJIT 2.1.1725453128)

Running the test with following options:
Number of threads: 8
Report intermediate results every 4 second(s)
Initializing random number generator from current time


Initializing worker threads...

Threads started!

[ 4s ] thds: 8 tps: 0.00 qps: 32576.30 (r/w/o: 0.00/4090.65/28485.65) lat (ms,95%): 0.00 err/s: 2.00 reconn/s: 0.00
[ 8s ] thds: 8 tps: 0.00 qps: 33395.36 (r/w/o: 0.00/4174.42/29220.94) lat (ms,95%): 0.00 err/s: 0.00 reconn/s: 0.00
[ 12s ] thds: 8 tps: 0.00 qps: 33338.34 (r/w/o: 0.00/4167.29/29171.05) lat (ms,95%): 0.00 err/s: 0.00 reconn/s: 0.00
[ 16s ] thds: 8 tps: 2.00 qps: 26807.10 (r/w/o: 0.00/3374.13/23432.97) lat (ms,95%): 0.00 err/s: 5.00 reconn/s: 0.00
[ 20s ] thds: 8 tps: 0.00 qps: 33155.55 (r/w/o: 0.00/4144.44/29011.11) lat (ms,95%): 0.00 err/s: 0.00 reconn/s: 0.00
[ 24s ] thds: 8 tps: 0.00 qps: 32895.12 (r/w/o: 0.00/4111.89/28783.23) lat (ms,95%): 0.00 err/s: 0.00 reconn/s: 0.00
[ 28s ] thds: 8 tps: 2.00 qps: 26961.99 (r/w/o: 0.00/3389.41/23572.58) lat (ms,95%): 0.00 err/s: 4.25 reconn/s: 0.00
[ 32s ] thds: 8 tps: 0.00 qps: 33578.38 (r/w/o: 0.00/4197.30/29381.08) lat (ms,95%): 0.00 err/s: 0.00 reconn/s: 0.00
[ 36s ] thds: 8 tps: 0.00 qps: 33615.44 (r/w/o: 0.00/4201.93/29413.51) lat (ms,95%): 0.00 err/s: 0.00 reconn/s: 0.00
SQL statistics:
    queries performed:
        read:                            0
        write:                           150270
        other:                           1049937
        total:                           1200207
    transactions:                        24     (0.64 per sec.)
    queries:                             1200207 (31882.46 per sec.)
    ignored errors:                      45     (1.20 per sec.)
    reconnects:                          0      (0.00 per sec.)

General statistics:
    total time:                          37.6445s
    total number of events:              24

Latency (ms):
         min:                                12081.88
         avg:                                12547.70
         max:                                12854.72
         95th percentile:                        0.00
         sum:                               301144.72

Threads fairness:
    events (avg/stddev):           3.0000/0.00
    execution time (avg/stddev):   37.6431/0.00

