sysbench 1.0.20 (using system LuaJIT 2.1.1725453128)

Running the test with following options:
Number of threads: 8
Report intermediate results every 4 second(s)
Initializing random number generator from current time


Initializing worker threads...

Threads started!

[ 4s ] thds: 8 tps: 1229.84 qps: 3691.01 (r/w/o: 3691.01/0.00/0.00) lat (ms,95%): 0.00 err/s: 0.00 reconn/s: 0.00
[ 8s ] thds: 8 tps: 1244.80 qps: 3735.40 (r/w/o: 3735.40/0.00/0.00) lat (ms,95%): 0.00 err/s: 0.00 reconn/s: 0.00
[ 12s ] thds: 8 tps: 1244.96 qps: 3734.37 (r/w/o: 3734.37/0.00/0.00) lat (ms,95%): 0.00 err/s: 0.00 reconn/s: 0.00
[ 16s ] thds: 8 tps: 1245.99 qps: 3737.71 (r/w/o: 3737.71/0.00/0.00) lat (ms,95%): 0.00 err/s: 0.00 reconn/s: 0.00
[ 20s ] thds: 8 tps: 1242.78 qps: 3728.83 (r/w/o: 3728.83/0.00/0.00) lat (ms,95%): 0.00 err/s: 0.00 reconn/s: 0.00
[ 24s ] thds: 8 tps: 1244.55 qps: 3733.89 (r/w/o: 3733.89/0.00/0.00) lat (ms,95%): 0.00 err/s: 0.00 reconn/s: 0.00
[ 28s ] thds: 8 tps: 1245.45 qps: 3735.35 (r/w/o: 3735.35/0.00/0.00) lat (ms,95%): 0.00 err/s: 0.00 reconn/s: 0.00
[ 32s ] thds: 8 tps: 1242.98 qps: 3728.43 (r/w/o: 3728.43/0.00/0.00) lat (ms,95%): 0.00 err/s: 0.00 reconn/s: 0.00
SQL statistics:
    queries performed:
        read:                            119319
        write:                           0
        other:                           0
        total:                           119319
    transactions:                        39773  (1242.66 per sec.)
    queries:                             119319 (3727.97 per sec.)
    ignored errors:                      0      (0.00 per sec.)
    reconnects:                          0      (0.00 per sec.)

General statistics:
    total time:                          32.0062s
    total number of events:              39773

Latency (ms):
         min:                                    4.84
         avg:                                    6.44
         max:                                   46.76
         95th percentile:                        0.00
         sum:                               256001.77

Threads fairness:
    events (avg/stddev):           4971.6250/21.31
    execution time (avg/stddev):   32.0002/0.00

