sysbench 1.0.20 (using system LuaJIT 2.1.1725453128)

Running the test with following options:
Number of threads: 8
Report intermediate results every 4 second(s)
Initializing random number generator from current time


Initializing worker threads...

Threads started!

[ 4s ] thds: 8 tps: 6.00 qps: 33041.35 (r/w/o: 0.00/4198.10/28843.25) lat (ms,95%): 0.00 err/s: 11.75 reconn/s: 0.00
[ 8s ] thds: 8 tps: 5.99 qps: 33434.42 (r/w/o: 0.00/4203.00/29231.42) lat (ms,95%): 0.00 err/s: 4.75 reconn/s: 0.00
[ 12s ] thds: 8 tps: 6.01 qps: 33331.08 (r/w/o: 0.00/4209.55/29121.53) lat (ms,95%): 0.00 err/s: 10.01 reconn/s: 0.00
[ 16s ] thds: 8 tps: 8.00 qps: 32723.78 (r/w/o: 0.00/4154.61/28569.17) lat (ms,95%): 0.00 err/s: 10.25 reconn/s: 0.00
[ 20s ] thds: 8 tps: 6.00 qps: 33308.55 (r/w/o: 0.00/4290.03/29018.52) lat (ms,95%): 0.00 err/s: 14.76 reconn/s: 0.00
[ 24s ] thds: 8 tps: 6.00 qps: 33274.39 (r/w/o: 0.00/4231.92/29042.47) lat (ms,95%): 0.00 err/s: 13.00 reconn/s: 0.00
[ 28s ] thds: 8 tps: 8.00 qps: 32717.95 (r/w/o: 0.00/4226.25/28491.70) lat (ms,95%): 0.00 err/s: 17.50 reconn/s: 0.00
[ 32s ] thds: 8 tps: 6.00 qps: 33269.50 (r/w/o: 0.00/4198.59/29070.91) lat (ms,95%): 0.00 err/s: 8.25 reconn/s: 0.00
SQL statistics:
    queries performed:
        read:                            0
        write:                           137603
        other:                           944841
        total:                           1082444
    transactions:                        216    (6.62 per sec.)
    queries:                             1082444 (33162.47 per sec.)
    ignored errors:                      361    (11.06 per sec.)
    reconnects:                          0      (0.00 per sec.)

General statistics:
    total time:                          32.6405s
    total number of events:              216

Latency (ms):
         min:                                 1187.59
         avg:                                 1208.85
         max:                                 1234.23
         95th percentile:                        0.00
         sum:                               261111.97

Threads fairness:
    events (avg/stddev):           27.0000/0.00
    execution time (avg/stddev):   32.6390/0.00

