sysbench 1.0.20 (using system LuaJIT 2.1.1725453128)

Running the test with following options:
Number of threads: 8
Report intermediate results every 4 second(s)
Initializing random number generator from current time


Initializing worker threads...

Threads started!

[ 4s ] thds: 8 tps: 58586.46 qps: 58586.46 (r/w/o: 58586.46/0.00/0.00) lat (ms,95%): 0.00 err/s: 0.00 reconn/s: 0.00
[ 8s ] thds: 8 tps: 59236.50 qps: 59236.50 (r/w/o: 59236.50/0.00/0.00) lat (ms,95%): 0.00 err/s: 0.00 reconn/s: 0.00
[ 12s ] thds: 8 tps: 59153.56 qps: 59153.56 (r/w/o: 59153.56/0.00/0.00) lat (ms,95%): 0.00 err/s: 0.00 reconn/s: 0.00
[ 16s ] thds: 8 tps: 59331.05 qps: 59331.05 (r/w/o: 59331.05/0.00/0.00) lat (ms,95%): 0.00 err/s: 0.00 reconn/s: 0.00
[ 20s ] thds: 8 tps: 59172.63 qps: 59172.88 (r/w/o: 59172.88/0.00/0.00) lat (ms,95%): 0.00 err/s: 0.00 reconn/s: 0.00
[ 24s ] thds: 8 tps: 59291.06 qps: 59290.81 (r/w/o: 59290.81/0.00/0.00) lat (ms,95%): 0.00 err/s: 0.00 reconn/s: 0.00
[ 28s ] thds: 8 tps: 59250.64 qps: 59250.64 (r/w/o: 59250.64/0.00/0.00) lat (ms,95%): 0.00 err/s: 0.00 reconn/s: 0.00
SQL statistics:
    queries performed:
        read:                            1893299
        write:                           0
        other:                           0
        total:                           1893299
    transactions:                        1893299 (59161.71 per sec.)
    queries:                             1893299 (59161.71 per sec.)
    ignored errors:                      0      (0.00 per sec.)
    reconnects:                          0      (0.00 per sec.)

General statistics:
    total time:                          32.0019s
    total number of events:              1893299

Latency (ms):
         min:                                    0.07
         avg:                                    0.13
         max:                                   39.06
         95th percentile:                        0.00
         sum:                               255284.95

Threads fairness:
    events (avg/stddev):           236662.3750/205.08
    execution time (avg/stddev):   31.9106/0.00

