sysbench 1.0.20 (using system LuaJIT 2.1.1725453128)

Running the test with following options:
Number of threads: 8
Report intermediate results every 4 second(s)
Initializing random number generator from current time


Initializing worker threads...

Threads started!

[ 4s ] thds: 8 tps: 11.99 qps: 39453.45 (r/w/o: 0.00/4935.96/34517.49) lat (ms,95%): 0.00 err/s: 0.00 reconn/s: 0.00
[ 8s ] thds: 8 tps: 13.99 qps: 44295.67 (r/w/o: 0.00/5535.43/38760.24) lat (ms,95%): 0.00 err/s: 0.00 reconn/s: 0.00
[ 12s ] thds: 8 tps: 16.00 qps: 44311.14 (r/w/o: 0.00/5536.02/38775.13) lat (ms,95%): 0.00 err/s: 0.00 reconn/s: 0.00
[ 16s ] thds: 8 tps: 14.00 qps: 44022.90 (r/w/o: 0.00/5499.24/38523.66) lat (ms,95%): 0.00 err/s: 0.00 reconn/s: 0.00
[ 20s ] thds: 8 tps: 16.00 qps: 44113.87 (r/w/o: 0.00/5510.27/38603.61) lat (ms,95%): 0.00 err/s: 0.00 reconn/s: 0.00
[ 24s ] thds: 8 tps: 14.00 qps: 44135.54 (r/w/o: 0.00/5513.44/38622.09) lat (ms,95%): 0.00 err/s: 0.00 reconn/s: 0.00
[ 28s ] thds: 8 tps: 14.01 qps: 44527.25 (r/w/o: 0.00/5562.43/38964.81) lat (ms,95%): 0.00 err/s: 0.00 reconn/s: 0.00
[ 32s ] thds: 8 tps: 16.01 qps: 44504.17 (r/w/o: 0.00/5560.14/38944.02) lat (ms,95%): 0.00 err/s: 0.00 reconn/s: 0.00
SQL statistics:
    queries performed:
        read:                            0
        write:                           177106
        other:                           1240310
        total:                           1417416
    transactions:                        472    (14.54 per sec.)
    queries:                             1417416 (43676.60 per sec.)
    ignored errors:                      0      (0.00 per sec.)
    reconnects:                          0      (0.00 per sec.)

General statistics:
    total time:                          32.4523s
    total number of events:              472

Latency (ms):
         min:                                  527.77
         avg:                                  550.01
         max:                                  761.81
         95th percentile:                        0.00
         sum:                               259603.98

Threads fairness:
    events (avg/stddev):           59.0000/0.00
    execution time (avg/stddev):   32.4505/0.00

