sysbench 1.0.20 (using system LuaJIT 2.1.1725453128)

Running the test with following options:
Number of threads: 8
Report intermediate results every 4 second(s)
Initializing random number generator from current time


Initializing worker threads...

Threads started!

[ 4s ] thds: 8 tps: 8565.47 qps: 8565.47 (r/w/o: 8565.47/0.00/0.00) lat (ms,95%): 0.00 err/s: 0.00 reconn/s: 0.00
[ 8s ] thds: 8 tps: 8609.15 qps: 8609.15 (r/w/o: 8609.15/0.00/0.00) lat (ms,95%): 0.00 err/s: 0.00 reconn/s: 0.00
[ 12s ] thds: 8 tps: 8666.53 qps: 8666.53 (r/w/o: 8666.53/0.00/0.00) lat (ms,95%): 0.00 err/s: 0.00 reconn/s: 0.00
[ 16s ] thds: 8 tps: 8660.44 qps: 8660.44 (r/w/o: 8660.44/0.00/0.00) lat (ms,95%): 0.00 err/s: 0.00 reconn/s: 0.00
[ 20s ] thds: 8 tps: 8645.47 qps: 8645.47 (r/w/o: 8645.47/0.00/0.00) lat (ms,95%): 0.00 err/s: 0.00 reconn/s: 0.00
[ 24s ] thds: 8 tps: 8592.21 qps: 8592.21 (r/w/o: 8592.21/0.00/0.00) lat (ms,95%): 0.00 err/s: 0.00 reconn/s: 0.00
[ 28s ] thds: 8 tps: 8654.57 qps: 8654.57 (r/w/o: 8654.57/0.00/0.00) lat (ms,95%): 0.00 err/s: 0.00 reconn/s: 0.00
SQL statistics:
    queries performed:
        read:                            276221
        write:                           0
        other:                           0
        total:                           276221
    transactions:                        276221 (8631.24 per sec.)
    queries:                             276221 (8631.24 per sec.)
    ignored errors:                      0      (0.00 per sec.)
    reconnects:                          0      (0.00 per sec.)

General statistics:
    total time:                          32.0023s
    total number of events:              276221

Latency (ms):
         min:                                    0.64
         avg:                                    0.93
         max:                                   44.82
         95th percentile:                        0.00
         sum:                               255857.46

Threads fairness:
    events (avg/stddev):           34527.6250/59.21
    execution time (avg/stddev):   31.9822/0.00

