sysbench 1.0.20 (using system LuaJIT 2.1.1725453128)

Running the test with following options:
Number of threads: 8
Report intermediate results every 4 second(s)
Initializing random number generator from current time


Initializing worker threads...

Threads started!

[ 4s ] thds: 8 tps: 9519.67 qps: 9519.67 (r/w/o: 9519.67/0.00/0.00) lat (ms,95%): 0.00 err/s: 0.00 reconn/s: 0.00
[ 8s ] thds: 8 tps: 9644.48 qps: 9644.48 (r/w/o: 9644.48/0.00/0.00) lat (ms,95%): 0.00 err/s: 0.00 reconn/s: 0.00
[ 12s ] thds: 8 tps: 9620.19 qps: 9620.19 (r/w/o: 9620.19/0.00/0.00) lat (ms,95%): 0.00 err/s: 0.00 reconn/s: 0.00
[ 16s ] thds: 8 tps: 9654.48 qps: 9654.48 (r/w/o: 9654.48/0.00/0.00) lat (ms,95%): 0.00 err/s: 0.00 reconn/s: 0.00
[ 20s ] thds: 8 tps: 9648.54 qps: 9648.54 (r/w/o: 9648.54/0.00/0.00) lat (ms,95%): 0.00 err/s: 0.00 reconn/s: 0.00
[ 24s ] thds: 8 tps: 9639.02 qps: 9639.02 (r/w/o: 9639.02/0.00/0.00) lat (ms,95%): 0.00 err/s: 0.00 reconn/s: 0.00
[ 28s ] thds: 8 tps: 9651.54 qps: 9651.54 (r/w/o: 9651.54/0.00/0.00) lat (ms,95%): 0.00 err/s: 0.00 reconn/s: 0.00
[ 32s ] thds: 8 tps: 9649.02 qps: 9649.02 (r/w/o: 9649.02/0.00/0.00) lat (ms,95%): 0.00 err/s: 0.00 reconn/s: 0.00
SQL statistics:
    queries performed:
        read:                            308120
        write:                           0
        other:                           0
        total:                           308120
    transactions:                        308120 (9628.02 per sec.)
    queries:                             308120 (9628.02 per sec.)
    ignored errors:                      0      (0.00 per sec.)
    reconnects:                          0      (0.00 per sec.)

General statistics:
    total time:                          32.0022s
    total number of events:              308120

Latency (ms):
         min:                                    0.59
         avg:                                    0.83
         max:                                   45.03
         95th percentile:                        0.00
         sum:                               255847.15

Threads fairness:
    events (avg/stddev):           38515.0000/55.04
    execution time (avg/stddev):   31.9809/0.00

