sysbench 1.0.20 (using system LuaJIT 2.1.1725453128)

Running the test with following options:
Number of threads: 8
Report intermediate results every 4 second(s)
Initializing random number generator from current time


Initializing worker threads...

Threads started!

[ 4s ] thds: 8 tps: 2480.16 qps: 7443.72 (r/w/o: 7443.72/0.00/0.00) lat (ms,95%): 0.00 err/s: 0.00 reconn/s: 0.00
[ 8s ] thds: 8 tps: 2510.49 qps: 7531.96 (r/w/o: 7531.96/0.00/0.00) lat (ms,95%): 0.00 err/s: 0.00 reconn/s: 0.00
[ 12s ] thds: 8 tps: 2470.84 qps: 7411.78 (r/w/o: 7411.78/0.00/0.00) lat (ms,95%): 0.00 err/s: 0.00 reconn/s: 0.00
[ 16s ] thds: 8 tps: 2478.22 qps: 7434.16 (r/w/o: 7434.16/0.00/0.00) lat (ms,95%): 0.00 err/s: 0.00 reconn/s: 0.00
[ 20s ] thds: 8 tps: 2478.48 qps: 7435.68 (r/w/o: 7435.68/0.00/0.00) lat (ms,95%): 0.00 err/s: 0.00 reconn/s: 0.00
[ 24s ] thds: 8 tps: 2473.54 qps: 7420.38 (r/w/o: 7420.38/0.00/0.00) lat (ms,95%): 0.00 err/s: 0.00 reconn/s: 0.00
[ 28s ] thds: 8 tps: 2481.00 qps: 7442.25 (r/w/o: 7442.25/0.00/0.00) lat (ms,95%): 0.00 err/s: 0.00 reconn/s: 0.00
SQL statistics:
    queries performed:
        read:                            238134
        write:                           0
        other:                           0
        total:                           238134
    transactions:                        79378  (2480.29 per sec.)
    queries:                             238134 (7440.87 per sec.)
    ignored errors:                      0      (0.00 per sec.)
    reconnects:                          0      (0.00 per sec.)

General statistics:
    total time:                          32.0034s
    total number of events:              79378

Latency (ms):
         min:                                    2.20
         avg:                                    3.22
         max:                                   35.40
         95th percentile:                        0.00
         sum:                               255967.34

Threads fairness:
    events (avg/stddev):           9922.2500/22.58
    execution time (avg/stddev):   31.9959/0.00

