sysbench 1.0.20 (using system LuaJIT 2.1.1725453128)

Running the test with following options:
Number of threads: 8
Report intermediate results every 4 second(s)
Initializing random number generator from current time


Initializing worker threads...

Threads started!

[ 4s ] thds: 8 tps: 5.99 qps: 30150.71 (r/w/o: 0.00/3842.68/26308.03) lat (ms,95%): 0.00 err/s: 11.49 reconn/s: 0.00
[ 8s ] thds: 8 tps: 6.00 qps: 30945.54 (r/w/o: 0.00/3884.98/27060.56) lat (ms,95%): 0.00 err/s: 4.25 reconn/s: 0.00
[ 12s ] thds: 8 tps: 6.00 qps: 30717.91 (r/w/o: 0.00/3907.58/26810.33) lat (ms,95%): 0.00 err/s: 10.50 reconn/s: 0.00
[ 16s ] thds: 8 tps: 6.00 qps: 31149.69 (r/w/o: 0.00/3922.60/27227.09) lat (ms,95%): 0.00 err/s: 4.50 reconn/s: 0.00
[ 20s ] thds: 8 tps: 6.00 qps: 31087.32 (r/w/o: 0.00/3919.53/27167.79) lat (ms,95%): 0.00 err/s: 5.75 reconn/s: 0.00
[ 24s ] thds: 8 tps: 6.00 qps: 31550.10 (r/w/o: 0.00/4047.17/27502.93) lat (ms,95%): 0.00 err/s: 14.50 reconn/s: 0.00
[ 28s ] thds: 8 tps: 6.00 qps: 31871.43 (r/w/o: 0.00/3982.43/27889.00) lat (ms,95%): 0.00 err/s: 0.00 reconn/s: 0.00
[ 32s ] thds: 8 tps: 6.00 qps: 32013.20 (r/w/o: 0.00/4040.78/27972.42) lat (ms,95%): 0.00 err/s: 5.25 reconn/s: 0.00
SQL statistics:
    queries performed:
        read:                            0
        write:                           126667
        other:                           875084
        total:                           1001751
    transactions:                        200    (6.23 per sec.)
    queries:                             1001751 (31194.69 per sec.)
    ignored errors:                      225    (7.01 per sec.)
    reconnects:                          0      (0.00 per sec.)

General statistics:
    total time:                          32.1127s
    total number of events:              200

Latency (ms):
         min:                                 1241.78
         avg:                                 1284.45
         max:                                 1349.67
         95th percentile:                        0.00
         sum:                               256889.42

Threads fairness:
    events (avg/stddev):           25.0000/0.00
    execution time (avg/stddev):   32.1112/0.00

