sysbench 1.0.20 (using system LuaJIT 2.1.1725453128)

Running the test with following options:
Number of threads: 8
Report intermediate results every 4 second(s)
Initializing random number generator from current time


Initializing worker threads...

Threads started!

[ 4s ] thds: 8 tps: 13.99 qps: 30875.95 (r/w/o: 0.00/4029.10/26846.85) lat (ms,95%): 0.00 err/s: 25.99 reconn/s: 0.00
[ 8s ] thds: 8 tps: 16.00 qps: 32234.43 (r/w/o: 0.00/4134.86/28099.57) lat (ms,95%): 0.00 err/s: 12.50 reconn/s: 0.00
[ 12s ] thds: 8 tps: 15.99 qps: 32333.03 (r/w/o: 0.00/4173.46/28159.58) lat (ms,95%): 0.00 err/s: 17.99 reconn/s: 0.00
[ 16s ] thds: 8 tps: 16.01 qps: 32283.24 (r/w/o: 0.00/4188.47/28094.77) lat (ms,95%): 0.00 err/s: 26.26 reconn/s: 0.00
[ 20s ] thds: 8 tps: 15.99 qps: 32156.39 (r/w/o: 0.00/4085.29/28071.09) lat (ms,95%): 0.00 err/s: 9.49 reconn/s: 0.00
[ 24s ] thds: 8 tps: 16.00 qps: 32661.79 (r/w/o: 0.00/4078.72/28583.06) lat (ms,95%): 0.00 err/s: 0.00 reconn/s: 0.00
[ 28s ] thds: 8 tps: 18.00 qps: 32470.38 (r/w/o: 0.00/4163.30/28307.07) lat (ms,95%): 0.00 err/s: 16.00 reconn/s: 0.00
[ 32s ] thds: 8 tps: 16.00 qps: 32461.49 (r/w/o: 0.00/4171.08/28290.41) lat (ms,95%): 0.00 err/s: 13.75 reconn/s: 0.00
SQL statistics:
    queries performed:
        read:                            0
        write:                           133978
        other:                           910973
        total:                           1044951
    transactions:                        520    (16.03 per sec.)
    queries:                             1044951 (32215.39 per sec.)
    ignored errors:                      488    (15.04 per sec.)
    reconnects:                          0      (0.00 per sec.)

General statistics:
    total time:                          32.4362s
    total number of events:              520

Latency (ms):
         min:                                  482.44
         avg:                                  498.99
         max:                                  604.74
         95th percentile:                        0.00
         sum:                               259476.79

Threads fairness:
    events (avg/stddev):           65.0000/0.00
    execution time (avg/stddev):   32.4346/0.00

