sysbench 1.0.20 (using system LuaJIT 2.1.1725453128)

Running the test with following options:
Number of threads: 8
Report intermediate results every 4 second(s)
Initializing random number generator from current time


Initializing worker threads...

Threads started!

[ 4s ] thds: 8 tps: 8898.04 qps: 8898.04 (r/w/o: 8898.04/0.00/0.00) lat (ms,95%): 0.00 err/s: 0.00 reconn/s: 0.00
[ 8s ] thds: 8 tps: 8979.94 qps: 8979.94 (r/w/o: 8979.94/0.00/0.00) lat (ms,95%): 0.00 err/s: 0.00 reconn/s: 0.00
[ 12s ] thds: 8 tps: 8975.29 qps: 8975.29 (r/w/o: 8975.29/0.00/0.00) lat (ms,95%): 0.00 err/s: 0.00 reconn/s: 0.00
[ 16s ] thds: 8 tps: 8930.09 qps: 8930.09 (r/w/o: 8930.09/0.00/0.00) lat (ms,95%): 0.00 err/s: 0.00 reconn/s: 0.00
[ 20s ] thds: 8 tps: 8983.72 qps: 8983.72 (r/w/o: 8983.72/0.00/0.00) lat (ms,95%): 0.00 err/s: 0.00 reconn/s: 0.00
[ 24s ] thds: 8 tps: 8987.35 qps: 8987.35 (r/w/o: 8987.35/0.00/0.00) lat (ms,95%): 0.00 err/s: 0.00 reconn/s: 0.00
[ 28s ] thds: 8 tps: 8985.55 qps: 8985.55 (r/w/o: 8985.55/0.00/0.00) lat (ms,95%): 0.00 err/s: 0.00 reconn/s: 0.00
SQL statistics:
    queries performed:
        read:                            286873
        write:                           0
        other:                           0
        total:                           286873
    transactions:                        286873 (8964.11 per sec.)
    queries:                             286873 (8964.11 per sec.)
    ignored errors:                      0      (0.00 per sec.)
    reconnects:                          0      (0.00 per sec.)

General statistics:
    total time:                          32.0022s
    total number of events:              286873

Latency (ms):
         min:                                    0.66
         avg:                                    0.89
         max:                                   34.27
         95th percentile:                        0.00
         sum:                               255918.24

Threads fairness:
    events (avg/stddev):           35859.1250/484.65
    execution time (avg/stddev):   31.9898/0.00

