sysbench 1.0.20 (using system LuaJIT 2.1.1725453128)

Running the test with following options:
Number of threads: 8
Report intermediate results every 4 second(s)
Initializing random number generator from current time


Initializing worker threads...

Threads started!

[ 4s ] thds: 8 tps: 28232.61 qps: 28232.61 (r/w/o: 28232.61/0.00/0.00) lat (ms,95%): 0.00 err/s: 0.00 reconn/s: 0.00
[ 8s ] thds: 8 tps: 26497.45 qps: 26497.45 (r/w/o: 26497.45/0.00/0.00) lat (ms,95%): 0.00 err/s: 0.00 reconn/s: 0.00
[ 12s ] thds: 8 tps: 30977.82 qps: 30977.82 (r/w/o: 30977.82/0.00/0.00) lat (ms,95%): 0.00 err/s: 0.00 reconn/s: 0.00
[ 16s ] thds: 8 tps: 31140.71 qps: 31140.71 (r/w/o: 31140.71/0.00/0.00) lat (ms,95%): 0.00 err/s: 0.00 reconn/s: 0.00
[ 20s ] thds: 8 tps: 32757.47 qps: 32757.47 (r/w/o: 32757.47/0.00/0.00) lat (ms,95%): 0.00 err/s: 0.00 reconn/s: 0.00
[ 24s ] thds: 8 tps: 32585.83 qps: 32585.83 (r/w/o: 32585.83/0.00/0.00) lat (ms,95%): 0.00 err/s: 0.00 reconn/s: 0.00
[ 28s ] thds: 8 tps: 33000.22 qps: 33000.22 (r/w/o: 33000.22/0.00/0.00) lat (ms,95%): 0.00 err/s: 0.00 reconn/s: 0.00
[ 32s ] thds: 8 tps: 34134.44 qps: 34134.44 (r/w/o: 34134.44/0.00/0.00) lat (ms,95%): 0.00 err/s: 0.00 reconn/s: 0.00
SQL statistics:
    queries performed:
        read:                            997321
        write:                           0
        other:                           0
        total:                           997321
    transactions:                        997321 (31164.23 per sec.)
    queries:                             997321 (31164.23 per sec.)
    ignored errors:                      0      (0.00 per sec.)
    reconnects:                          0      (0.00 per sec.)

General statistics:
    total time:                          32.0019s
    total number of events:              997321

Latency (ms):
         min:                                    0.08
         avg:                                    0.26
         max:                                   43.24
         95th percentile:                        0.00
         sum:                               255634.00

Threads fairness:
    events (avg/stddev):           124665.1250/95.81
    execution time (avg/stddev):   31.9542/0.00

