sysbench 1.0.20 (using system LuaJIT 2.1.1725453128)

Running the test with following options:
Number of threads: 8
Report intermediate results every 4 second(s)
Initializing random number generator from current time


Initializing worker threads...

Threads started!

[ 4s ] thds: 8 tps: 488.07 qps: 488.07 (r/w/o: 488.07/0.00/0.00) lat (ms,95%): 0.00 err/s: 0.00 reconn/s: 0.00
[ 8s ] thds: 8 tps: 497.04 qps: 497.04 (r/w/o: 497.04/0.00/0.00) lat (ms,95%): 0.00 err/s: 0.00 reconn/s: 0.00
[ 12s ] thds: 8 tps: 496.98 qps: 496.98 (r/w/o: 496.98/0.00/0.00) lat (ms,95%): 0.00 err/s: 0.00 reconn/s: 0.00
[ 16s ] thds: 8 tps: 496.68 qps: 496.68 (r/w/o: 496.68/0.00/0.00) lat (ms,95%): 0.00 err/s: 0.00 reconn/s: 0.00
[ 20s ] thds: 8 tps: 498.77 qps: 498.77 (r/w/o: 498.77/0.00/0.00) lat (ms,95%): 0.00 err/s: 0.00 reconn/s: 0.00
[ 24s ] thds: 8 tps: 497.65 qps: 497.65 (r/w/o: 497.65/0.00/0.00) lat (ms,95%): 0.00 err/s: 0.00 reconn/s: 0.00
[ 28s ] thds: 8 tps: 497.83 qps: 497.83 (r/w/o: 497.83/0.00/0.00) lat (ms,95%): 0.00 err/s: 0.00 reconn/s: 0.00
[ 32s ] thds: 8 tps: 497.29 qps: 497.29 (r/w/o: 497.29/0.00/0.00) lat (ms,95%): 0.00 err/s: 0.00 reconn/s: 0.00
SQL statistics:
    queries performed:
        read:                            15889
        write:                           0
        other:                           0
        total:                           15889
    transactions:                        15889  (496.29 per sec.)
    queries:                             15889  (496.29 per sec.)
    ignored errors:                      0      (0.00 per sec.)
    reconnects:                          0      (0.00 per sec.)

General statistics:
    total time:                          32.0149s
    total number of events:              15889

Latency (ms):
         min:                                   13.12
         avg:                                   16.11
         max:                                   67.54
         95th percentile:                        0.00
         sum:                               256041.23

Threads fairness:
    events (avg/stddev):           1986.1250/11.93
    execution time (avg/stddev):   32.0052/0.00

