sysbench 1.0.20 (using system LuaJIT 2.1.1725453128)

Running the test with following options:
Number of threads: 8
Report intermediate results every 4 second(s)
Initializing random number generator from current time


Initializing worker threads...

Threads started!

[ 4s ] thds: 8 tps: 0.00 qps: 32453.88 (r/w/o: 0.00/4064.04/28389.84) lat (ms,95%): 0.00 err/s: 4.00 reconn/s: 0.00
[ 8s ] thds: 8 tps: 2.00 qps: 31431.58 (r/w/o: 0.00/3975.44/27456.14) lat (ms,95%): 0.00 err/s: 10.25 reconn/s: 0.00
[ 12s ] thds: 8 tps: 2.00 qps: 31303.82 (r/w/o: 0.00/4049.55/27254.27) lat (ms,95%): 0.00 err/s: 14.75 reconn/s: 0.00
[ 16s ] thds: 8 tps: 0.00 qps: 35366.24 (r/w/o: 0.00/4420.75/30945.49) lat (ms,95%): 0.00 err/s: 0.00 reconn/s: 0.00
[ 20s ] thds: 8 tps: 2.00 qps: 32931.78 (r/w/o: 0.00/4151.19/28780.59) lat (ms,95%): 0.00 err/s: 4.00 reconn/s: 0.00
[ 24s ] thds: 8 tps: 2.00 qps: 32992.13 (r/w/o: 0.00/4148.86/28843.27) lat (ms,95%): 0.00 err/s: 6.75 reconn/s: 0.00
[ 28s ] thds: 8 tps: 2.00 qps: 33085.09 (r/w/o: 0.00/4207.30/28877.79) lat (ms,95%): 0.00 err/s: 11.75 reconn/s: 0.00
[ 32s ] thds: 8 tps: 0.00 qps: 35368.76 (r/w/o: 0.00/4421.10/30947.67) lat (ms,95%): 0.00 err/s: 0.00 reconn/s: 0.00
SQL statistics:
    queries performed:
        read:                            0
        write:                           134105
        other:                           928446
        total:                           1062551
    transactions:                        48     (1.50 per sec.)
    queries:                             1062551 (33119.73 per sec.)
    ignored errors:                      206    (6.42 per sec.)
    reconnects:                          0      (0.00 per sec.)

General statistics:
    total time:                          32.0819s
    total number of events:              48

Latency (ms):
         min:                                 5222.81
         avg:                                 5346.74
         max:                                 5675.25
         95th percentile:                        0.00
         sum:                               256643.55

Threads fairness:
    events (avg/stddev):           6.0000/0.00
    execution time (avg/stddev):   32.0804/0.00

