sysbench 1.0.20 (using system LuaJIT 2.1.1725453128)

Running the test with following options:
Number of threads: 8
Report intermediate results every 4 second(s)
Initializing random number generator from current time


Initializing worker threads...

Threads started!

[ 4s ] thds: 8 tps: 0.00 qps: 32576.11 (r/w/o: 0.00/4071.01/28505.09) lat (ms,95%): 0.00 err/s: 0.00 reconn/s: 0.00
[ 8s ] thds: 8 tps: 2.00 qps: 32076.09 (r/w/o: 0.00/4032.14/28043.96) lat (ms,95%): 0.00 err/s: 6.75 reconn/s: 0.00
[ 12s ] thds: 8 tps: 2.00 qps: 32097.76 (r/w/o: 0.00/4128.79/27968.98) lat (ms,95%): 0.00 err/s: 10.50 reconn/s: 0.00
[ 16s ] thds: 8 tps: 0.00 qps: 34761.40 (r/w/o: 0.00/4345.11/30416.29) lat (ms,95%): 0.00 err/s: 0.00 reconn/s: 0.00
[ 20s ] thds: 8 tps: 2.00 qps: 33668.51 (r/w/o: 0.00/4244.17/29424.34) lat (ms,95%): 0.00 err/s: 6.51 reconn/s: 0.00
[ 24s ] thds: 8 tps: 2.00 qps: 33068.65 (r/w/o: 0.00/4153.55/28915.10) lat (ms,95%): 0.00 err/s: 6.75 reconn/s: 0.00
[ 28s ] thds: 8 tps: 2.00 qps: 33292.41 (r/w/o: 0.00/4263.18/29029.23) lat (ms,95%): 0.00 err/s: 9.00 reconn/s: 0.00
[ 32s ] thds: 8 tps: 2.00 qps: 34060.56 (r/w/o: 0.00/4266.41/29794.15) lat (ms,95%): 0.00 err/s: 3.25 reconn/s: 0.00
[ 36s ] thds: 8 tps: 0.00 qps: 34711.85 (r/w/o: 0.00/4355.18/30356.67) lat (ms,95%): 0.00 err/s: 3.50 reconn/s: 0.00
SQL statistics:
    queries performed:
        read:                            0
        write:                           156099
        other:                           1082444
        total:                           1238543
    transactions:                        56     (1.51 per sec.)
    queries:                             1238543 (33421.24 per sec.)
    ignored errors:                      185    (4.99 per sec.)
    reconnects:                          0      (0.00 per sec.)

General statistics:
    total time:                          37.0584s
    total number of events:              56

Latency (ms):
         min:                                 5207.51
         avg:                                 5293.83
         max:                                 5506.91
         95th percentile:                        0.00
         sum:                               296454.71

Threads fairness:
    events (avg/stddev):           7.0000/0.00
    execution time (avg/stddev):   37.0568/0.00

