sysbench 1.0.20 (using system LuaJIT 2.1.1725453128)

Running the test with following options:
Number of threads: 8
Report intermediate results every 4 second(s)
Initializing random number generator from current time


Initializing worker threads...

Threads started!

[ 4s ] thds: 8 tps: 0.00 qps: 26246.41 (r/w/o: 0.00/9225.43/17020.97) lat (ms,95%): 0.00 err/s: 15.25 reconn/s: 0.00
[ 8s ] thds: 8 tps: 0.00 qps: 24711.84 (r/w/o: 0.00/10329.75/14382.09) lat (ms,95%): 0.00 err/s: 1.00 reconn/s: 0.00
[ 12s ] thds: 8 tps: 1.00 qps: 24075.01 (r/w/o: 0.00/9461.08/14613.92) lat (ms,95%): 0.00 err/s: 2.75 reconn/s: 0.00
[ 16s ] thds: 8 tps: 0.50 qps: 23143.82 (r/w/o: 0.00/10623.76/12520.07) lat (ms,95%): 0.00 err/s: 0.50 reconn/s: 0.00
[ 20s ] thds: 8 tps: 1.50 qps: 23766.72 (r/w/o: 0.00/9768.83/13997.89) lat (ms,95%): 0.00 err/s: 2.75 reconn/s: 0.00
[ 24s ] thds: 8 tps: 0.50 qps: 23933.82 (r/w/o: 0.00/10145.97/13787.85) lat (ms,95%): 0.00 err/s: 2.00 reconn/s: 0.00
[ 28s ] thds: 8 tps: 1.00 qps: 23848.10 (r/w/o: 0.00/10355.94/13492.16) lat (ms,95%): 0.00 err/s: 1.75 reconn/s: 0.00
[ 32s ] thds: 8 tps: 0.50 qps: 23988.50 (r/w/o: 0.00/9785.37/14203.13) lat (ms,95%): 0.00 err/s: 2.00 reconn/s: 0.00
[ 36s ] thds: 8 tps: 1.25 qps: 21062.51 (r/w/o: 0.00/11848.58/9213.93) lat (ms,95%): 0.00 err/s: 1.00 reconn/s: 0.00
SQL statistics:
    queries performed:
        read:                            0
        write:                           379567
        other:                           510283
        total:                           889850
    transactions:                        28     (0.74 per sec.)
    queries:                             889850 (23606.78 per sec.)
    ignored errors:                      116    (3.08 per sec.)
    reconnects:                          0      (0.00 per sec.)

General statistics:
    total time:                          37.6945s
    total number of events:              28

Latency (ms):
         min:                                 5870.60
         avg:                                10008.53
         max:                                22531.51
         95th percentile:                        0.00
         sum:                               280238.94

Threads fairness:
    events (avg/stddev):           3.5000/0.71
    execution time (avg/stddev):   35.0299/2.00

