sysbench 1.0.20 (using system LuaJIT 2.1.1725453128)

Running the test with following options:
Number of threads: 8
Report intermediate results every 4 second(s)
Initializing random number generator from current time


Initializing worker threads...

Threads started!

[ 4s ] thds: 8 tps: 372.48 qps: 372.48 (r/w/o: 372.48/0.00/0.00) lat (ms,95%): 0.00 err/s: 0.00 reconn/s: 0.00
[ 8s ] thds: 8 tps: 379.87 qps: 379.87 (r/w/o: 379.87/0.00/0.00) lat (ms,95%): 0.00 err/s: 0.00 reconn/s: 0.00
[ 12s ] thds: 8 tps: 378.97 qps: 378.97 (r/w/o: 378.97/0.00/0.00) lat (ms,95%): 0.00 err/s: 0.00 reconn/s: 0.00
[ 16s ] thds: 8 tps: 378.82 qps: 378.82 (r/w/o: 378.82/0.00/0.00) lat (ms,95%): 0.00 err/s: 0.00 reconn/s: 0.00
[ 20s ] thds: 8 tps: 379.57 qps: 379.57 (r/w/o: 379.57/0.00/0.00) lat (ms,95%): 0.00 err/s: 0.00 reconn/s: 0.00
[ 24s ] thds: 8 tps: 379.25 qps: 379.25 (r/w/o: 379.25/0.00/0.00) lat (ms,95%): 0.00 err/s: 0.00 reconn/s: 0.00
[ 28s ] thds: 8 tps: 378.51 qps: 378.51 (r/w/o: 378.51/0.00/0.00) lat (ms,95%): 0.00 err/s: 0.00 reconn/s: 0.00
[ 32s ] thds: 8 tps: 367.61 qps: 367.61 (r/w/o: 367.61/0.00/0.00) lat (ms,95%): 0.00 err/s: 0.00 reconn/s: 0.00
SQL statistics:
    queries performed:
        read:                            12068
        write:                           0
        other:                           0
        total:                           12068
    transactions:                        12068  (376.91 per sec.)
    queries:                             12068  (376.91 per sec.)
    ignored errors:                      0      (0.00 per sec.)
    reconnects:                          0      (0.00 per sec.)

General statistics:
    total time:                          32.0177s
    total number of events:              12068

Latency (ms):
         min:                                   17.29
         avg:                                   21.22
         max:                                   71.02
         95th percentile:                        0.00
         sum:                               256048.27

Threads fairness:
    events (avg/stddev):           1508.5000/5.43
    execution time (avg/stddev):   32.0060/0.01

